c:\users\laurs\documents\c-c++\ig\projectig\debug\vc142.pdb
c:\users\laurs\documents\c-c++\ig\projectig\debug\vc142.idb
c:\users\laurs\documents\c-c++\ig\projectig\debug\window.obj
c:\users\laurs\documents\c-c++\ig\projectig\debug\vertex.obj
c:\users\laurs\documents\c-c++\ig\projectig\debug\material.obj
c:\users\laurs\documents\c-c++\ig\projectig\debug\light.obj
c:\users\laurs\documents\c-c++\ig\projectig\debug\vec.obj
c:\users\laurs\documents\c-c++\ig\projectig\debug\mat.obj
c:\users\laurs\documents\c-c++\ig\projectig\debug\app.obj
c:\users\laurs\documents\c-c++\ig\projectig\debug\object.obj
c:\users\laurs\documents\c-c++\ig\projectig\debug\euler.obj
c:\users\laurs\documents\c-c++\ig\projectig\bin\projectig.pdb
c:\users\laurs\documents\c-c++\ig\projectig\debug\projectig.tlog\cl.command.1.tlog
c:\users\laurs\documents\c-c++\ig\projectig\debug\projectig.tlog\cl.read.1.tlog
c:\users\laurs\documents\c-c++\ig\projectig\debug\projectig.tlog\cl.write.1.tlog
c:\users\laurs\documents\c-c++\ig\projectig\debug\projectig.tlog\link-cvtres.read.1.tlog
c:\users\laurs\documents\c-c++\ig\projectig\debug\projectig.tlog\link-cvtres.write.1.tlog
c:\users\laurs\documents\c-c++\ig\projectig\debug\projectig.tlog\link-rc.read.1.tlog
c:\users\laurs\documents\c-c++\ig\projectig\debug\projectig.tlog\link-rc.write.1.tlog
c:\users\laurs\documents\c-c++\ig\projectig\debug\projectig.tlog\link.1508-cvtres.read.1.tlog
c:\users\laurs\documents\c-c++\ig\projectig\debug\projectig.tlog\link.1508-cvtres.write.1.tlog
c:\users\laurs\documents\c-c++\ig\projectig\debug\projectig.tlog\link.1508-rc.read.1.tlog
c:\users\laurs\documents\c-c++\ig\projectig\debug\projectig.tlog\link.1508-rc.write.1.tlog
c:\users\laurs\documents\c-c++\ig\projectig\debug\projectig.tlog\link.1508.read.1.tlog
c:\users\laurs\documents\c-c++\ig\projectig\debug\projectig.tlog\link.1508.write.1.tlog
c:\users\laurs\documents\c-c++\ig\projectig\debug\projectig.tlog\link.command.1.tlog
c:\users\laurs\documents\c-c++\ig\projectig\debug\projectig.tlog\link.read.1.tlog
c:\users\laurs\documents\c-c++\ig\projectig\debug\projectig.tlog\link.write.1.tlog
